Open5GS daemon v2.4.4

01/15 22:16:07.424: [app] INFO: Configuration: '/open5gs/install/etc/open5gs/amf.yaml' (../lib/app/ogs-init.c:129)
01/15 22:16:07.424: [app] INFO: File Logging: '/open5gs/install/var/log/open5gs/amf.log' (../lib/app/ogs-init.c:132)
01/15 22:16:07.452: [sbi] INFO: nghttp2_server() [127.0.0.5]:7777 (../lib/sbi/nghttp2-server.c:144)
01/15 22:16:07.454: [amf] INFO: ngap_server() [192.168.0.111]:38412 (../src/amf/ngap-sctp.c:53)
01/15 22:16:07.455: [sctp] INFO: AMF initialize...done (../src/amf/app.c:33)
01/15 22:16:07.457: [amf] INFO: [ef853326-d385-41ef-8053-69823d70c18a] NF registred [Heartbeat:10s] (../src/amf/nf-sm.c:198)
01/15 22:16:07.470: [amf] INFO: [ef878fd6-d385-41ef-b889-a51ad1368f3a] (NRF-notify) NF registered (../src/amf/nnrf-handler.c:182)
01/15 22:16:07.470: [amf] INFO: [ef878fd6-d385-41ef-b889-a51ad1368f3a] (NRF-notify) NF Profile updated (../src/amf/nnrf-handler.c:201)
01/15 22:16:07.638: [amf] INFO: [ef8c341e-d385-41ef-960d-13147366b394] (NRF-notify) NF registered (../src/amf/nnrf-handler.c:182)
01/15 22:16:07.640: [amf] INFO: [ef8c341e-d385-41ef-960d-13147366b394] (NRF-notify) NF Profile updated (../src/amf/nnrf-handler.c:201)
01/15 22:16:24.313: [amf] INFO: gNB-N2 accepted[192.168.0.131]:40981 in ng-path module (../src/amf/ngap-sctp.c:105)
01/15 22:16:24.314: [amf] INFO: gNB-N2 accepted[192.168.0.131] in master_sm module (../src/amf/amf-sm.c:619)
01/15 22:16:24.315: [amf] INFO: [GNB] max_num_of_ostreams : 30 (../src/amf/context.c:854)
01/15 22:16:24.315: [amf] INFO: [Added] Number of gNBs is now 1 (../src/amf/context.c:869)
01/15 22:16:24.532: [amf] INFO: gNB-N2 accepted[192.168.0.132]:57921 in ng-path module (../src/amf/ngap-sctp.c:105)
01/15 22:16:24.532: [amf] INFO: gNB-N2 accepted[192.168.0.132] in master_sm module (../src/amf/amf-sm.c:619)
01/15 22:16:24.532: [amf] INFO: [GNB] max_num_of_ostreams : 30 (../src/amf/context.c:854)
01/15 22:16:24.532: [amf] INFO: [Added] Number of gNBs is now 2 (../src/amf/context.c:869)
01/15 22:16:29.625: [amf] INFO: InitialUEMessage (../src/amf/ngap-handler.c:361)
01/15 22:16:29.625: [amf] INFO: [Added] Number of gNB-UEs is now 1 (../src/amf/context.c:2064)
01/15 22:16:29.625: [amf] INFO:     RAN_UE_NGAP_ID[1] AMF_UE_NGAP_ID[1] TAC[1] CellID[0x10] (../src/amf/ngap-handler.c:497)
01/15 22:16:29.630: [amf] INFO: [suci-0-001-01-0000-0-0-1234567801] Unknown UE by SUCI (../src/amf/context.c:1390)
01/15 22:16:29.630: [amf] INFO: [Added] Number of AMF-UEs is now 1 (../src/amf/context.c:1189)
01/15 22:16:29.630: [gmm] INFO: Registration request (../src/amf/gmm-sm.c:134)
01/15 22:16:29.631: [gmm] INFO: [suci-0-001-01-0000-0-0-1234567801]    SUCI (../src/amf/gmm-handler.c:157)
01/15 22:16:29.637: [app] WARNING: Try to discover [AUSF] (../lib/sbi/path.c:110)
01/15 22:16:29.650: [amf] INFO: [ef7f09c4-d385-41ef-bb1c-77b495db78d5] (NF-discover) NF registered (../src/amf/nnrf-handler.c:342)
01/15 22:16:29.651: [amf] INFO: [ef7f09c4-d385-41ef-bb1c-77b495db78d5] (NF-discover) NF Profile updated (../src/amf/nnrf-handler.c:402)
01/15 22:16:29.834: [gmm] WARNING: Authentication failure(Synch failure) (../src/amf/gmm-sm.c:548)
01/15 22:16:30.068: [amf] INFO: InitialUEMessage (../src/amf/ngap-handler.c:361)
01/15 22:16:30.068: [amf] INFO: [Added] Number of gNB-UEs is now 2 (../src/amf/context.c:2064)
01/15 22:16:30.068: [amf] INFO:     RAN_UE_NGAP_ID[2] AMF_UE_NGAP_ID[2] TAC[1] CellID[0x10] (../src/amf/ngap-handler.c:497)
01/15 22:16:30.068: [amf] INFO: [suci-0-001-01-0000-0-0-1234567802] Unknown UE by SUCI (../src/amf/context.c:1390)
01/15 22:16:30.068: [amf] INFO: [Added] Number of AMF-UEs is now 2 (../src/amf/context.c:1189)
01/15 22:16:30.068: [gmm] INFO: Registration request (../src/amf/gmm-sm.c:134)
01/15 22:16:30.068: [gmm] INFO: [suci-0-001-01-0000-0-0-1234567802]    SUCI (../src/amf/gmm-handler.c:157)
01/15 22:16:30.307: [amf] INFO: InitialUEMessage (../src/amf/ngap-handler.c:361)
01/15 22:16:30.307: [amf] INFO: [Added] Number of gNB-UEs is now 3 (../src/amf/context.c:2064)
01/15 22:16:30.307: [amf] INFO:     RAN_UE_NGAP_ID[1] AMF_UE_NGAP_ID[3] TAC[1] CellID[0x10] (../src/amf/ngap-handler.c:497)
01/15 22:16:30.307: [amf] INFO: [suci-0-001-01-0000-0-0-1234567803] Unknown UE by SUCI (../src/amf/context.c:1390)
01/15 22:16:30.307: [amf] INFO: [Added] Number of AMF-UEs is now 3 (../src/amf/context.c:1189)
01/15 22:16:30.307: [gmm] INFO: Registration request (../src/amf/gmm-sm.c:134)
01/15 22:16:30.307: [gmm] INFO: [suci-0-001-01-0000-0-0-1234567803]    SUCI (../src/amf/gmm-handler.c:157)
01/15 22:16:30.384: [gmm] WARNING: Authentication failure(Synch failure) (../src/amf/gmm-sm.c:548)
01/15 22:16:30.459: [gmm] WARNING: Authentication failure(Synch failure) (../src/amf/gmm-sm.c:548)
01/15 22:16:30.552: [app] WARNING: Try to discover [UDM] (../lib/sbi/path.c:110)
01/15 22:16:30.553: [amf] INFO: [ef7ec7a2-d385-41ef-a8f0-85688dd92e2d] (NF-discover) NF registered (../src/amf/nnrf-handler.c:342)
01/15 22:16:30.553: [amf] INFO: [ef7ec7a2-d385-41ef-a8f0-85688dd92e2d] (NF-discover) NF Profile updated (../src/amf/nnrf-handler.c:402)
01/15 22:16:30.777: [amf] INFO: InitialUEMessage (../src/amf/ngap-handler.c:361)
01/15 22:16:30.777: [amf] INFO: [Added] Number of gNB-UEs is now 4 (../src/amf/context.c:2064)
01/15 22:16:30.778: [amf] INFO:     RAN_UE_NGAP_ID[2] AMF_UE_NGAP_ID[4] TAC[1] CellID[0x10] (../src/amf/ngap-handler.c:497)
01/15 22:16:30.778: [amf] INFO: [suci-0-001-01-0000-0-0-1234567804] Unknown UE by SUCI (../src/amf/context.c:1390)
01/15 22:16:30.778: [amf] INFO: [Added] Number of AMF-UEs is now 4 (../src/amf/context.c:1189)
01/15 22:16:30.778: [gmm] INFO: Registration request (../src/amf/gmm-sm.c:134)
01/15 22:16:30.778: [gmm] INFO: [suci-0-001-01-0000-0-0-1234567804]    SUCI (../src/amf/gmm-handler.c:157)
01/15 22:16:30.869: [gmm] INFO: [imsi-001011234567801] Registration complete (../src/amf/gmm-sm.c:1063)
01/15 22:16:30.869: [amf] INFO: [imsi-001011234567801] Configuration update command (../src/amf/nas-path.c:389)
01/15 22:16:30.869: [gmm] INFO:     UTC [2025-01-15T21:16:30] Timezone[0]/DST[0] (../src/amf/gmm-build.c:502)
01/15 22:16:30.869: [gmm] INFO:     LOCAL [2025-01-15T22:16:30] Timezone[3600]/DST[0] (../src/amf/gmm-build.c:507)
01/15 22:16:30.869: [amf] INFO: [Added] Number of AMF-Sessions is now 1 (../src/amf/context.c:2076)
01/15 22:16:30.869: [gmm] INFO: UE SUPI[imsi-001011234567801] DNN[internet] S_NSSAI[SST:1 SD:0x1] (../src/amf/gmm-handler.c:1047)
01/15 22:16:30.881: [amf] INFO: [Added] Number of AMF-Sessions is now 2 (../src/amf/context.c:2076)
01/15 22:16:30.883: [gmm] INFO: UE SUPI[imsi-001011234567801] DNN[mec] S_NSSAI[SST:2 SD:0x1] (../src/amf/gmm-handler.c:1047)
01/15 22:16:31.059: [gmm] WARNING: Authentication failure(Synch failure) (../src/amf/gmm-sm.c:548)
01/15 22:16:31.228: [gmm] INFO: [imsi-001011234567803] Registration complete (../src/amf/gmm-sm.c:1063)
01/15 22:16:31.228: [amf] INFO: [imsi-001011234567803] Configuration update command (../src/amf/nas-path.c:389)
01/15 22:16:31.228: [gmm] INFO:     UTC [2025-01-15T21:16:31] Timezone[0]/DST[0] (../src/amf/gmm-build.c:502)
01/15 22:16:31.228: [gmm] INFO:     LOCAL [2025-01-15T22:16:31] Timezone[3600]/DST[0] (../src/amf/gmm-build.c:507)
01/15 22:16:31.228: [amf] INFO: [Added] Number of AMF-Sessions is now 3 (../src/amf/context.c:2076)
01/15 22:16:31.228: [gmm] INFO: UE SUPI[imsi-001011234567803] DNN[internet] S_NSSAI[SST:1 SD:0x1] (../src/amf/gmm-handler.c:1047)
01/15 22:16:31.233: [amf] INFO: [Added] Number of AMF-Sessions is now 4 (../src/amf/context.c:2076)
01/15 22:16:31.233: [gmm] INFO: UE SUPI[imsi-001011234567803] DNN[mec] S_NSSAI[SST:2 SD:0x1] (../src/amf/gmm-handler.c:1047)
01/15 22:16:31.380: [gmm] INFO: [imsi-001011234567802] Registration complete (../src/amf/gmm-sm.c:1063)
01/15 22:16:31.381: [amf] INFO: [imsi-001011234567802] Configuration update command (../src/amf/nas-path.c:389)
01/15 22:16:31.381: [gmm] INFO:     UTC [2025-01-15T21:16:31] Timezone[0]/DST[0] (../src/amf/gmm-build.c:502)
01/15 22:16:31.381: [gmm] INFO:     LOCAL [2025-01-15T22:16:31] Timezone[3600]/DST[0] (../src/amf/gmm-build.c:507)
01/15 22:16:31.381: [amf] INFO: [Added] Number of AMF-Sessions is now 5 (../src/amf/context.c:2076)
01/15 22:16:31.381: [gmm] INFO: UE SUPI[imsi-001011234567802] DNN[internet] S_NSSAI[SST:1 SD:0x1] (../src/amf/gmm-handler.c:1047)
01/15 22:16:31.385: [amf] INFO: [Added] Number of AMF-Sessions is now 6 (../src/amf/context.c:2076)
01/15 22:16:31.385: [gmm] INFO: UE SUPI[imsi-001011234567802] DNN[mec] S_NSSAI[SST:2 SD:0x1] (../src/amf/gmm-handler.c:1047)
01/15 22:16:32.273: [gmm] INFO: [imsi-001011234567804] Registration complete (../src/amf/gmm-sm.c:1063)
01/15 22:16:32.273: [amf] INFO: [imsi-001011234567804] Configuration update command (../src/amf/nas-path.c:389)
01/15 22:16:32.273: [gmm] INFO:     UTC [2025-01-15T21:16:32] Timezone[0]/DST[0] (../src/amf/gmm-build.c:502)
01/15 22:16:32.273: [gmm] INFO:     LOCAL [2025-01-15T22:16:32] Timezone[3600]/DST[0] (../src/amf/gmm-build.c:507)
01/15 22:16:32.274: [amf] INFO: [Added] Number of AMF-Sessions is now 7 (../src/amf/context.c:2076)
01/15 22:16:32.274: [gmm] INFO: UE SUPI[imsi-001011234567804] DNN[internet] S_NSSAI[SST:1 SD:0x1] (../src/amf/gmm-handler.c:1047)
01/15 22:16:32.293: [amf] INFO: [Added] Number of AMF-Sessions is now 8 (../src/amf/context.c:2076)
01/15 22:16:32.293: [gmm] INFO: UE SUPI[imsi-001011234567804] DNN[mec] S_NSSAI[SST:2 SD:0x1] (../src/amf/gmm-handler.c:1047)
