UERANSIM v3.2.6
[2025-01-09 22:12:17.891] [nas] [info] UE switches to state [MM-DEREGISTERED/PLMN-SEARCH]
[2025-01-09 22:12:17.904] [rrc] [debug] New signal detected for cell[1], total [1] cells in coverage
[2025-01-09 22:12:17.905] [nas] [info] Selected plmn[001/01]
[2025-01-09 22:12:17.905] [rrc] [info] Selected cell plmn[001/01] tac[1] category[SUITABLE]
[2025-01-09 22:12:17.905] [nas] [info] UE switches to state [MM-DEREGISTERED/PS]
[2025-01-09 22:12:17.905] [nas] [info] UE switches to state [MM-DEREGISTERED/NORMAL-SERVICE]
[2025-01-09 22:12:17.905] [nas] [debug] Initial registration required due to [MM-DEREG-NORMAL-SERVICE]
[2025-01-09 22:12:17.910] [nas] [debug] UAC access attempt is allowed for identity[0], category[MO_sig]
[2025-01-09 22:12:17.910] [nas] [debug] Sending Initial Registration
[2025-01-09 22:12:17.911] [rrc] [debug] Sending RRC Setup Request
[2025-01-09 22:12:17.911] [nas] [info] UE switches to state [MM-REGISTER-INITIATED]
[2025-01-09 22:12:17.916] [rrc] [info] RRC connection established
[2025-01-09 22:12:17.916] [rrc] [info] UE switches to state [RRC-CONNECTED]
[2025-01-09 22:12:17.916] [nas] [info] UE switches to state [CM-CONNECTED]
[2025-01-09 22:12:18.147] [nas] [debug] Authentication Request received
[2025-01-09 22:12:18.147] [nas] [debug] Sending Authentication Failure due to SQN out of range
[2025-01-09 22:12:18.338] [nas] [debug] Authentication Request received
[2025-01-09 22:12:18.679] [nas] [debug] Security Mode Command received
[2025-01-09 22:12:18.679] [nas] [debug] Selected integrity[2] ciphering[0]
[2025-01-09 22:12:19.035] [nas] [debug] Registration accept received
[2025-01-09 22:12:19.035] [nas] [info] UE switches to state [MM-REGISTERED/NORMAL-SERVICE]
[2025-01-09 22:12:19.035] [nas] [debug] Sending Registration Complete
[2025-01-09 22:12:19.035] [nas] [info] Initial Registration is successful
[2025-01-09 22:12:19.035] [nas] [debug] Sending PDU Session Establishment Request
[2025-01-09 22:12:19.035] [nas] [debug] UAC access attempt is allowed for identity[0], category[MO_sig]
[2025-01-09 22:12:19.035] [nas] [debug] Sending PDU Session Establishment Request
[2025-01-09 22:12:19.035] [nas] [debug] UAC access attempt is allowed for identity[0], category[MO_sig]
[2025-01-09 22:12:19.368] [nas] [debug] Configuration Update Command received
[2025-01-09 22:12:19.415] [nas] [debug] PDU Session Establishment Accept received
[2025-01-09 22:12:19.416] [nas] [info] PDU Session establishment is successful PSI[1]
[2025-01-09 22:12:19.440] [app] [info] Connection setup for PDU session[1] is successful, TUN interface[uesimtun0, 10.45.0.2] is up.
[2025-01-09 22:12:19.540] [nas] [debug] PDU Session Establishment Accept received
[2025-01-09 22:12:19.540] [nas] [info] PDU Session establishment is successful PSI[2]
[2025-01-09 22:12:19.577] [app] [info] Connection setup for PDU session[2] is successful, TUN interface[uesimtun1, 10.46.0.2] is up.
