UERANSIM v3.2.6
[2025-01-13 23:00:10.805] [nas] [info] UE switches to state [MM-DEREGISTERED/PLMN-SEARCH]
[2025-01-13 23:00:11.017] [rrc] [debug] New signal detected for cell[1], total [1] cells in coverage
[2025-01-13 23:00:11.039] [nas] [info] Selected plmn[001/01]
[2025-01-13 23:00:13.313] [rrc] [info] Selected cell plmn[001/01] tac[1] category[SUITABLE]
[2025-01-13 23:00:13.313] [nas] [info] UE switches to state [MM-DEREGISTERED/PS]
[2025-01-13 23:00:13.314] [nas] [info] UE switches to state [MM-DEREGISTERED/NORMAL-SERVICE]
[2025-01-13 23:00:13.314] [nas] [debug] Initial registration required due to [MM-DEREG-NORMAL-SERVICE]
[2025-01-13 23:00:13.314] [nas] [debug] UAC access attempt is allowed for identity[0], category[MO_sig]
[2025-01-13 23:00:13.314] [nas] [debug] Sending Initial Registration
[2025-01-13 23:00:13.315] [nas] [info] UE switches to state [MM-REGISTER-INITIATED]
[2025-01-13 23:00:13.316] [rrc] [debug] Sending RRC Setup Request
[2025-01-13 23:00:13.328] [rrc] [info] RRC connection established
[2025-01-13 23:00:13.328] [rrc] [info] UE switches to state [RRC-CONNECTED]
[2025-01-13 23:00:13.328] [nas] [info] UE switches to state [CM-CONNECTED]
[2025-01-13 23:00:13.679] [nas] [debug] Authentication Request received
[2025-01-13 23:00:13.680] [nas] [debug] Sending Authentication Failure due to SQN out of range
[2025-01-13 23:00:14.029] [nas] [debug] Authentication Request received
[2025-01-13 23:00:14.349] [nas] [debug] Security Mode Command received
[2025-01-13 23:00:14.350] [nas] [debug] Selected integrity[2] ciphering[0]
[2025-01-13 23:00:14.721] [nas] [debug] Registration accept received
[2025-01-13 23:00:14.722] [nas] [info] UE switches to state [MM-REGISTERED/NORMAL-SERVICE]
[2025-01-13 23:00:14.722] [nas] [debug] Sending Registration Complete
[2025-01-13 23:00:14.722] [nas] [info] Initial Registration is successful
[2025-01-13 23:00:14.722] [nas] [debug] Sending PDU Session Establishment Request
[2025-01-13 23:00:14.722] [nas] [debug] UAC access attempt is allowed for identity[0], category[MO_sig]
[2025-01-13 23:00:14.722] [nas] [debug] Sending PDU Session Establishment Request
[2025-01-13 23:00:14.722] [nas] [debug] UAC access attempt is allowed for identity[0], category[MO_sig]
[2025-01-13 23:00:15.007] [nas] [debug] Configuration Update Command received
[2025-01-13 23:00:15.042] [nas] [debug] PDU Session Establishment Accept received
[2025-01-13 23:00:15.042] [nas] [info] PDU Session establishment is successful PSI[1]
[2025-01-13 23:00:15.091] [app] [info] Connection setup for PDU session[1] is successful, TUN interface[uesimtun0, 10.45.0.6] is up.
[2025-01-13 23:00:15.148] [nas] [debug] PDU Session Establishment Accept received
[2025-01-13 23:00:15.148] [nas] [info] PDU Session establishment is successful PSI[2]
[2025-01-13 23:00:15.154] [app] [info] Connection setup for PDU session[2] is successful, TUN interface[uesimtun1, 10.46.0.6] is up.
